function show(){
    console.log(" I am the show ");
}
undefined
show.__proto__ == Function.prototype;
true
show.prototype;
{}
show.prototype.__proto__;
{__defineGetter__: ƒ, __defineSetter__: ƒ, hasOwnProperty: ƒ, __lookupGetter__: ƒ, __lookupSetter__: ƒ, …}
show.prototype.__proto__ == Function.prototype;
false
show.prototype.__proto__ == Object.prototype;
true
function show(){
    console.log(" I am the show ");
}
undefined
typeof show;
'function'
show.prototype;
{}constructor: ƒ show()[[Prototype]]: Object
typeof show.prototype;
'object'
show.prototype instanceof Object;
true
show.prototype.__proto__ == Object.prototype;
true
show.__proto__ == Function.prototype;
true
show.__proto__.__proto__;
{__defineGetter__: ƒ, __defineSetter__: ƒ, hasOwnProperty: ƒ, __lookupGetter__: ƒ, __lookupSetter__: ƒ, …}
show.__proto__.__proto__ == Object.prototype;
true
show.__proto__.__proto__.__proto__;
null
Function.prototype;
ƒ () { [native code] }
var arr = [10,20,30];
undefined
var arr2 = [90,100];
undefined
var arr3 = [arr, arr2];
undefined
arr3;
(2) [Array(3), Array(2)]0: (3) [10, 20, 30]1: (2) [90, 100]length: 2[[Prototype]]: Array(0)
arr3[0];
(3) [10, 20, 30]
arr3[0][0];
10
arr3[0][0] = 1000;
1000
arr3;
(2) [Array(3), Array(2)]0: (3) [1000, 20, 30]1: (2) [90, 100]length: 2[[Prototype]]: Array(0)
var arr4 = [...arr, ...arr2];
undefined
arr4;
(5) [1000, 20, 30, 90, 100]
var arr = [[90,100], [777,555]];
undefined
var arr5 = [...arr, ...arr2];
undefined
arr5;
(4) [Array(2), Array(2), 90, 100]
arr.flat(2);
(4) [90, 100, 777, 555]
var arr = [90,100];
undefined
var arr2 = [1,2,3];
undefined
var arr3 = [arr, arr2];
undefined
arr = null;
null
arr3;
(2) [Array(2), Array(3)]0: (2) [90, 100]1: (3) [1, 2, 3]length: 2[[Prototype]]: Array(0)
var obj = {id:1001 , name:'Ram'};
undefined
var obj2 = {id:1002, address:'Delhi'};
undefined
var obj3 = {...obj, ...obj2};
undefined
obj3;
{id: 1002, name: 'Ram', address: 'Delhi'}
var b = 10;
undefined
typeof b;
'number'
var c = new Number(10);
undefined
c;
Number {10}
typeof c;
'object'
c instanceof Number;
true
typeof Number;
'function'
var arr = [10,20,30];
undefined
var arr2 = new Array(10);
undefined
arr2;
(10) [empty × 10]
var a = "Amit";
undefined
typeof al
'undefined'
typeof a;
'string'
a.toUpperCase();
'AMIT'
typeof a;
'string'
var name = "Ramesh";
show();
function show(){
    console.log("MY NAme is ", name);
    var name = "Amit";
    console.log("MY NAme is ", name);
}
VM2659:4 MY NAme is  undefined
VM2659:6 MY NAme is  Amit
undefined
function show(){
    console.log("I am ", id);
    var id = 1001;
    if(10>2){
        console.log("If id ",id);
        var id = 2000;
        console.log("Id is ",id);
    }
    console.log("Outside if Id is ", id);
    var id = 1003;
    console.log("Outside if Id is --- ", id);
}
undefined
show();
VM2975:2 I am  undefined
VM2975:5 If id  1001
VM2975:7 Id is  2000
VM2975:9 Outside if Id is  2000
VM2975:11 Outside if Id is ---  1003
undefined
disp();
function disp(){
    console.log("I am the disp");
}
VM3106:3 I am the disp
undefined
function show(){
    // var id , id2;
    console.log("I am ", id, " id2 ", id2);
    var id = 1001;
    if(10>2){
        console.log("If id ",id, "id2 ",id2);
        var id = 2000;
        var id2 = 9999;
        console.log("Id is ",id, " id2" , id2);
    }
    console.log("Outside if Id is ", id);
    var id = 1003;
    console.log("Outside if Id is --- ", id, " id2 ", id2 );
}
undefined
show();
VM3287:3 I am  undefined  id2  undefined
VM3287:6 If id  1001 id2  undefined
VM3287:9 Id is  2000  id2 9999
VM3287:11 Outside if Id is  2000
VM3287:13 Outside if Id is ---  1003  id2  9999
undefined
